[debug] [2017-07-14T03:06:03.569Z] ----------------------------------------------------------------------
[debug] [2017-07-14T03:06:03.572Z] Command:      /usr/local/bin/node /usr/local/bin/firebase init
[debug] [2017-07-14T03:06:03.573Z] CLI Version:  3.9.1
[debug] [2017-07-14T03:06:03.573Z] Platform:     darwin
[debug] [2017-07-14T03:06:03.573Z] Node Version: v6.11.0
[debug] [2017-07-14T03:06:03.574Z] Time:         Thu Jul 13 2017 23:06:03 GMT-0400 (EDT)
[debug] [2017-07-14T03:06:03.574Z] ----------------------------------------------------------------------
[debug] 
[debug] [2017-07-14T03:06:03.586Z] > command requires scopes: ["email","openid","https://www.googleapis.com/auth/cloudplatformprojects.readonly","https://www.googleapis.com/auth/firebase"]
[debug] [2017-07-14T03:06:03.586Z] > authorizing via signed-in user
[info] 
     🔥🔥🔥🔥🔥🔥🔥🔥 🔥🔥🔥🔥 🔥🔥🔥🔥🔥🔥🔥🔥  🔥🔥🔥🔥🔥🔥🔥🔥 🔥🔥🔥🔥🔥🔥🔥🔥     🔥🔥🔥     🔥🔥🔥🔥🔥🔥  🔥🔥🔥🔥🔥🔥🔥🔥
     🔥🔥        🔥🔥  🔥🔥     🔥🔥 🔥🔥       🔥🔥     🔥🔥  🔥🔥   🔥🔥  🔥🔥       🔥🔥
     🔥🔥🔥🔥🔥🔥    🔥🔥  🔥🔥🔥🔥🔥🔥🔥🔥  🔥🔥🔥🔥🔥🔥   🔥🔥🔥🔥🔥🔥🔥🔥  🔥🔥🔥🔥🔥🔥🔥🔥🔥  🔥🔥🔥🔥🔥🔥  🔥🔥🔥🔥🔥🔥
     🔥🔥        🔥🔥  🔥🔥    🔥🔥  🔥🔥       🔥🔥     🔥🔥 🔥🔥     🔥🔥       🔥🔥 🔥🔥
     🔥🔥       🔥🔥🔥🔥 🔥🔥     🔥🔥 🔥🔥🔥🔥🔥🔥🔥🔥 🔥🔥🔥🔥🔥🔥🔥🔥  🔥🔥     🔥🔥  🔥🔥🔥🔥🔥🔥  🔥🔥🔥🔥🔥🔥🔥🔥

You're about to initialize a Firebase project in this directory:

  /Users/arjunsrinivasan/Dropbox/Website.io

[info] 
=== Project Setup
[info] 
[info] First, let's associate this project directory with a Firebase project.
[info] You can create multiple project aliases by running firebase use --add, 
[info] but for now we'll just set up a default project.
[info] 
[debug] [2017-07-14T03:06:15.381Z] > refreshing access token with scopes: ["email","https://www.googleapis.com/auth/cloudplatformprojects.readonly","https://www.googleapis.com/auth/firebase","openid"]
[debug] [2017-07-14T03:06:15.381Z] >>> HTTP REQUEST POST https://www.googleapis.com/oauth2/v3/token { refresh_token: '1/MlEs6qKcDU9exCIRDLy_G6nYsxRpJS12U6u96KenbA8',
  client_id: '563584335869-fgrhgmd47bqnekij5i8b5pr03ho849e6.apps.googleusercontent.com',
  client_secret: 'j9iVZfS8kkCEFUPaAeJV0sAi',
  grant_type: 'refresh_token',
  scope: 'email https://www.googleapis.com/auth/cloudplatformprojects.readonly https://www.googleapis.com/auth/firebase openid' } 
 Thu Jul 13 2017 23:06:15 GMT-0400 (EDT)
[debug] [2017-07-14T03:06:15.726Z] <<< HTTP RESPONSE 200
[debug] [2017-07-14T03:06:15.736Z] >>> HTTP REQUEST GET https://admin.firebase.com/v1/projects  
 Thu Jul 13 2017 23:06:15 GMT-0400 (EDT)
[debug] [2017-07-14T03:06:16.475Z] <<< HTTP RESPONSE 200
